2022-08-09 04:56:09,328 - root - INFO - Min time is 1332565200, Train time is 8, Val time is 12, Test time is 16, Time unit is 86400
2022-08-09 04:56:57,256 - root - INFO - Total Trans num is 602253, Train cas num is 13802, Val cas num is 2958, Test cas num is 2958
2022-08-09 04:56:57,330 - root - INFO - Time cost for loading data is 57.57115054130554s
2022-08-09 04:56:57,334 - root - INFO - {'dataset': 'twitter', 'bs': 50, 'prefix': 'merge_static_dynamic_twitter_concat', 'epoch': 150, 'lr': 0.0001, 'run': 1, 'gpu': 0, 'node_dim': 64, 'time_dim': 16, 'message_dim': 64, 'memory_dim': 64, 'emb_dim': 64, 'patience': 15, 'predictor': 'merge', 'embedding_module': 'seq', 'message_function': 'mlp', 'message_generator': 'concat', 'single': False, 'warmup': False, 'datasplit': 'split', 'emb_agg': 'last', 'not_distinguish_source': False, 'use_bank': False, 'use_static': True, 'dropout': 0.6, 'static_weight': 0.1, 'model_path': 'saved_models/merge_static_dynamic_twitter_concat', 'result_path': 'results/merge_static_dynamic_twitter_concat', 'log_path': 'log/merge_static_dynamic_twitter_concat.log', 'observe_time': 2, 'predict_time': 500, 'time_unit': 86400, 'train_time': 8, 'val_time': 12, 'test_time': 16, 'min_cas_size': 11, 'max_cas_size': 100, 'max_time': {'user': 1, 'cas': 2}, 'node_num': {'user': 199005, 'cas': 19718}, 'max_global_time': 19.34800925925926}
2022-08-09 04:56:57,334 - root - INFO - begin runs:0
2022-08-09 04:57:06,166 - root - INFO - Start training citation
2022-08-09 04:57:06,168 - root - INFO - Epoch 0:
2022-08-09 05:36:39,248 - root - INFO - Epoch0: time_cost:1278.4856185913086 train_loss:6.686351601063727
2022-08-09 05:36:39,248 - root - INFO - train: loss:8.2719	rmse:8.3152	mae:2.3173	pmae:0.4220	pcc:0.8105
2022-08-09 05:36:39,248 - root - INFO - val: loss:8.6489	rmse:8.7321	mae:2.3681	pmae:0.4276	pcc:0.7808
2022-08-09 05:36:39,248 - root - INFO - test: loss:8.2663	rmse:8.5139	mae:2.3501	pmae:0.4242	pcc:0.8011
2022-08-09 05:36:41,618 - root - INFO - Epoch 1:
2022-08-09 06:17:36,999 - root - INFO - Epoch1: time_cost:1319.160917520523 train_loss:4.0291573404998395
2022-08-09 06:17:37,000 - root - INFO - train: loss:7.8086	rmse:7.6188	mae:2.1926	pmae:0.3978	pcc:0.8214
2022-08-09 06:17:37,000 - root - INFO - val: loss:8.1696	rmse:8.1342	mae:2.2556	pmae:0.4074	pcc:0.7863
2022-08-09 06:17:37,000 - root - INFO - test: loss:7.7820	rmse:7.9007	mae:2.2403	pmae:0.4048	pcc:0.8061
2022-08-09 06:17:38,706 - root - INFO - Epoch 2:
2022-08-09 06:57:55,469 - root - INFO - Epoch2: time_cost:1280.695113658905 train_loss:3.991879267304378
2022-08-09 06:57:55,469 - root - INFO - train: loss:7.3261	rmse:6.9788	mae:2.0790	pmae:0.3791	pcc:0.8273
2022-08-09 06:57:55,470 - root - INFO - val: loss:7.6971	rmse:7.5574	mae:2.1488	pmae:0.3899	pcc:0.7911
2022-08-09 06:57:55,470 - root - INFO - test: loss:7.2924	rmse:7.3028	mae:2.1330	pmae:0.3886	pcc:0.8089
2022-08-09 06:57:57,474 - root - INFO - Epoch 3:
2022-08-09 07:38:39,969 - root - INFO - Epoch3: time_cost:1327.5935459136963 train_loss:3.783564838466156
2022-08-09 07:38:39,969 - root - INFO - train: loss:6.9066	rmse:6.3705	mae:1.9640	pmae:0.3613	pcc:0.8322
2022-08-09 07:38:39,969 - root - INFO - val: loss:7.2950	rmse:7.0532	mae:2.0519	pmae:0.3769	pcc:0.7927
2022-08-09 07:38:39,969 - root - INFO - test: loss:6.8860	rmse:6.7735	mae:2.0299	pmae:0.3740	pcc:0.8106
2022-08-09 07:38:41,869 - root - INFO - Epoch 4:
2022-08-09 08:18:37,292 - root - INFO - Epoch4: time_cost:1273.6546711921692 train_loss:3.708546059057809
2022-08-09 08:18:37,292 - root - INFO - train: loss:6.6115	rmse:6.0246	mae:1.8961	pmae:0.3513	pcc:0.8365
2022-08-09 08:18:37,292 - root - INFO - val: loss:7.0494	rmse:6.7681	mae:1.9951	pmae:0.3700	pcc:0.7946
2022-08-09 08:18:37,292 - root - INFO - test: loss:6.6277	rmse:6.4825	mae:1.9698	pmae:0.3668	pcc:0.8115
2022-08-09 08:18:39,352 - root - INFO - Epoch 5:
2022-08-09 08:59:01,227 - root - INFO - Epoch5: time_cost:1303.1118097305298 train_loss:3.5975588088327215
2022-08-09 08:59:01,228 - root - INFO - train: loss:6.2250	rmse:5.5971	mae:1.8069	pmae:0.3400	pcc:0.8394
2022-08-09 08:59:01,228 - root - INFO - val: loss:6.8076	rmse:6.4729	mae:1.9251	pmae:0.3628	pcc:0.7918
2022-08-09 08:59:01,228 - root - INFO - test: loss:6.3317	rmse:6.1455	mae:1.8941	pmae:0.3589	pcc:0.8102
2022-08-09 08:59:03,075 - root - INFO - Epoch 6:
2022-08-09 09:39:00,839 - root - INFO - Epoch6: time_cost:1278.6696529388428 train_loss:3.475495905279341
2022-08-09 09:39:00,839 - root - INFO - train: loss:5.8264	rmse:5.2353	mae:1.7392	pmae:0.3287	pcc:0.8482
2022-08-09 09:39:00,839 - root - INFO - val: loss:6.5756	rmse:6.2341	mae:1.8835	pmae:0.3586	pcc:0.7959
2022-08-09 09:39:00,839 - root - INFO - test: loss:6.0503	rmse:5.8618	mae:1.8467	pmae:0.3538	pcc:0.8158
2022-08-09 09:39:02,330 - root - INFO - Epoch 7:
2022-08-09 10:18:04,936 - root - INFO - Epoch7: time_cost:1239.043151140213 train_loss:3.362519240994429
2022-08-09 10:18:04,936 - root - INFO - train: loss:5.5609	rmse:4.9011	mae:1.6555	pmae:0.3179	pcc:0.8505
2022-08-09 10:18:04,936 - root - INFO - val: loss:6.4144	rmse:6.0271	mae:1.8235	pmae:0.3539	pcc:0.7925
2022-08-09 10:18:04,936 - root - INFO - test: loss:5.9064	rmse:5.6668	mae:1.7845	pmae:0.3490	pcc:0.8112
2022-08-09 10:18:06,348 - root - INFO - Epoch 8:
2022-08-09 10:58:11,163 - root - INFO - Epoch8: time_cost:1273.881595134735 train_loss:3.223227005041758
2022-08-09 10:58:11,163 - root - INFO - train: loss:5.2467	rmse:4.6432	mae:1.5893	pmae:0.3017	pcc:0.8594
2022-08-09 10:58:11,163 - root - INFO - val: loss:6.3792	rmse:5.9856	mae:1.7999	pmae:0.3483	pcc:0.7926
2022-08-09 10:58:11,163 - root - INFO - test: loss:5.8624	rmse:5.6176	mae:1.7610	pmae:0.3443	pcc:0.8103
2022-08-09 10:58:12,484 - root - INFO - Epoch 9:
2022-08-09 11:38:06,420 - root - INFO - Epoch9: time_cost:1262.1495752334595 train_loss:3.0250431812152576
2022-08-09 11:38:06,421 - root - INFO - train: loss:5.3286	rmse:4.7694	mae:1.6045	pmae:0.2935	pcc:0.8618
2022-08-09 11:38:06,421 - root - INFO - val: loss:6.7604	rmse:6.3778	mae:1.8570	pmae:0.3481	pcc:0.7853
2022-08-09 11:38:06,421 - root - INFO - test: loss:6.1271	rmse:5.9093	mae:1.8091	pmae:0.3433	pcc:0.8063
2022-08-09 11:38:07,903 - root - INFO - Epoch 10:
2022-08-09 12:18:11,508 - root - INFO - Epoch10: time_cost:1321.7736492156982 train_loss:2.8504397459786035
2022-08-09 12:18:11,508 - root - INFO - train: loss:4.8497	rmse:4.2423	mae:1.4613	pmae:0.2710	pcc:0.8677
2022-08-09 12:18:11,508 - root - INFO - val: loss:6.5330	rmse:6.1146	mae:1.7739	pmae:0.3398	pcc:0.7829
2022-08-09 12:18:11,508 - root - INFO - test: loss:5.8200	rmse:5.5659	mae:1.7170	pmae:0.3343	pcc:0.8058
2022-08-09 12:18:12,539 - root - INFO - Epoch 11:
2022-08-09 12:58:24,615 - root - INFO - Epoch11: time_cost:1261.4670252799988 train_loss:2.693341379205942
2022-08-09 12:58:24,616 - root - INFO - train: loss:4.6659	rmse:4.1761	mae:1.4591	pmae:0.2663	pcc:0.8731
2022-08-09 12:58:24,616 - root - INFO - val: loss:6.5934	rmse:6.2160	mae:1.7966	pmae:0.3386	pcc:0.7831
2022-08-09 12:58:24,616 - root - INFO - test: loss:5.8905	rmse:5.6596	mae:1.7414	pmae:0.3335	pcc:0.8060
2022-08-09 12:58:25,724 - root - INFO - Epoch 12:
2022-08-09 13:38:05,031 - root - INFO - Epoch12: time_cost:1277.4952900409698 train_loss:2.487018536819809
2022-08-09 13:38:05,031 - root - INFO - train: loss:4.3000	rmse:3.8087	mae:1.3667	pmae:0.2491	pcc:0.8825
2022-08-09 13:38:05,032 - root - INFO - val: loss:6.5869	rmse:6.1669	mae:1.7680	pmae:0.3361	pcc:0.7811
2022-08-09 13:38:05,032 - root - INFO - test: loss:5.8132	rmse:5.5700	mae:1.7046	pmae:0.3329	pcc:0.8037
2022-08-09 13:38:06,070 - root - INFO - Epoch 13:
2022-08-09 14:18:35,487 - root - INFO - Epoch13: time_cost:1290.1956689357758 train_loss:2.364801038242231
2022-08-09 14:18:35,488 - root - INFO - train: loss:3.7276	rmse:3.2991	mae:1.2543	pmae:0.2332	pcc:0.8914
2022-08-09 14:18:35,488 - root - INFO - val: loss:6.2768	rmse:5.8790	mae:1.7063	pmae:0.3346	pcc:0.7826
2022-08-09 14:18:35,488 - root - INFO - test: loss:5.4661	rmse:5.2335	mae:1.6363	pmae:0.3285	pcc:0.8079
2022-08-09 14:18:37,247 - root - INFO - Epoch 14:
2022-08-09 14:58:24,656 - root - INFO - Epoch14: time_cost:1281.1211116313934 train_loss:2.199825823416517
2022-08-09 14:58:24,656 - root - INFO - train: loss:3.6889	rmse:3.3338	mae:1.2728	pmae:0.2300	pcc:0.9005
2022-08-09 14:58:24,657 - root - INFO - val: loss:6.4447	rmse:6.0705	mae:1.7510	pmae:0.3368	pcc:0.7823
2022-08-09 14:58:24,657 - root - INFO - test: loss:5.6415	rmse:5.4261	mae:1.6832	pmae:0.3304	pcc:0.8079
2022-08-09 14:58:26,290 - root - INFO - Epoch 15:
2022-08-09 15:39:16,948 - root - INFO - Epoch15: time_cost:1315.553543806076 train_loss:2.0342880295553525
2022-08-09 15:39:16,949 - root - INFO - train: loss:3.6681	rmse:3.3292	mae:1.2922	pmae:0.2344	pcc:0.9017
2022-08-09 15:39:16,949 - root - INFO - val: loss:6.4849	rmse:6.1412	mae:1.7850	pmae:0.3452	pcc:0.7792
2022-08-09 15:39:16,949 - root - INFO - test: loss:5.7542	rmse:5.5423	mae:1.7302	pmae:0.3401	pcc:0.8038
2022-08-09 15:39:17,972 - root - INFO - Epoch 16:
2022-08-09 16:18:44,447 - root - INFO - Epoch16: time_cost:1275.1263144016266 train_loss:1.922118185231008
2022-08-09 16:18:44,447 - root - INFO - train: loss:2.8179	rmse:2.5251	mae:1.0925	pmae:0.2066	pcc:0.9177
2022-08-09 16:18:44,447 - root - INFO - val: loss:5.9330	rmse:5.5655	mae:1.6637	pmae:0.3373	pcc:0.7898
2022-08-09 16:18:44,448 - root - INFO - test: loss:5.1373	rmse:4.9284	mae:1.5959	pmae:0.3316	pcc:0.8150
2022-08-09 16:18:46,181 - root - INFO - Epoch 17:
2022-08-09 16:58:44,987 - root - INFO - Epoch17: time_cost:1302.2226736545563 train_loss:1.7425110268178479
2022-08-09 16:58:44,987 - root - INFO - train: loss:2.9502	rmse:2.6546	mae:1.1372	pmae:0.2093	pcc:0.9205
2022-08-09 16:58:44,987 - root - INFO - val: loss:6.2241	rmse:5.8721	mae:1.7447	pmae:0.3520	pcc:0.7796
2022-08-09 16:58:44,988 - root - INFO - test: loss:5.5562	rmse:5.3329	mae:1.6846	pmae:0.3472	pcc:0.8014
2022-08-09 16:58:45,995 - root - INFO - Epoch 18:
2022-08-09 17:38:32,976 - root - INFO - Epoch18: time_cost:1247.6700212955475 train_loss:1.5993006592859356
2022-08-09 17:38:32,977 - root - INFO - train: loss:2.2223	rmse:1.9945	mae:0.9618	pmae:0.1865	pcc:0.9302
2022-08-09 17:38:32,977 - root - INFO - val: loss:5.7815	rmse:5.4260	mae:1.6397	pmae:0.3529	pcc:0.7882
2022-08-09 17:38:32,977 - root - INFO - test: loss:5.0852	rmse:4.8580	mae:1.5821	pmae:0.3480	pcc:0.8106
2022-08-09 17:38:34,408 - root - INFO - Epoch 19:
2022-08-09 18:18:22,930 - root - INFO - Epoch19: time_cost:1292.8589324951172 train_loss:1.495087194738904
2022-08-09 18:18:22,930 - root - INFO - train: loss:2.2130	rmse:1.9671	mae:0.9560	pmae:0.1826	pcc:0.9345
2022-08-09 18:18:22,930 - root - INFO - val: loss:5.8793	rmse:5.5292	mae:1.6684	pmae:0.3570	pcc:0.7838
2022-08-09 18:18:22,931 - root - INFO - test: loss:5.2469	rmse:4.9930	mae:1.6054	pmae:0.3507	pcc:0.8054
2022-08-09 18:18:24,286 - root - INFO - Epoch 20:
2022-08-09 18:58:27,657 - root - INFO - Epoch20: time_cost:1281.9072008132935 train_loss:1.3841168180854868
2022-08-09 18:58:27,658 - root - INFO - train: loss:1.8822	rmse:1.7073	mae:0.8986	pmae:0.1770	pcc:0.9416
2022-08-09 18:58:27,658 - root - INFO - val: loss:5.5854	rmse:5.2515	mae:1.6339	pmae:0.3574	pcc:0.7912
2022-08-09 18:58:27,658 - root - INFO - test: loss:4.9224	rmse:4.7165	mae:1.5662	pmae:0.3509	pcc:0.8131
2022-08-09 18:58:29,049 - root - INFO - Epoch 21:
2022-08-09 19:37:27,659 - root - INFO - Epoch21: time_cost:1251.692188501358 train_loss:1.3890103158545684
2022-08-09 19:37:27,659 - root - INFO - train: loss:1.8403	rmse:1.6764	mae:0.8872	pmae:0.1697	pcc:0.9438
2022-08-09 19:37:27,659 - root - INFO - val: loss:5.6312	rmse:5.3057	mae:1.6359	pmae:0.3515	pcc:0.7926
2022-08-09 19:37:27,659 - root - INFO - test: loss:5.0297	rmse:4.8216	mae:1.5776	pmae:0.3473	pcc:0.8117
2022-08-09 19:37:28,701 - root - INFO - Epoch 22:
2022-08-09 20:17:35,867 - root - INFO - Epoch22: time_cost:1277.7596547603607 train_loss:1.2560246602567777
2022-08-09 20:17:35,867 - root - INFO - train: loss:2.0004	rmse:1.8236	mae:0.9345	pmae:0.1700	pcc:0.9470
2022-08-09 20:17:35,867 - root - INFO - val: loss:5.9319	rmse:5.5957	mae:1.6983	pmae:0.3530	pcc:0.7862
2022-08-09 20:17:35,867 - root - INFO - test: loss:5.3015	rmse:5.0777	mae:1.6302	pmae:0.3455	pcc:0.8068
2022-08-09 20:17:36,907 - root - INFO - Epoch 23:
2022-08-09 20:57:04,248 - root - INFO - Epoch23: time_cost:1250.4758930206299 train_loss:1.1780946449573257
2022-08-09 20:57:04,248 - root - INFO - train: loss:1.8849	rmse:1.7344	mae:0.9187	pmae:0.1678	pcc:0.9484
2022-08-09 20:57:04,248 - root - INFO - val: loss:5.8659	rmse:5.5487	mae:1.7014	pmae:0.3588	pcc:0.7868
2022-08-09 20:57:04,248 - root - INFO - test: loss:5.2607	rmse:5.0544	mae:1.6411	pmae:0.3532	pcc:0.8060
2022-08-09 20:57:05,326 - root - INFO - Epoch 24:
2022-08-09 21:37:21,135 - root - INFO - Epoch24: time_cost:1310.7271921634674 train_loss:1.1189857044363762
2022-08-09 21:37:21,135 - root - INFO - train: loss:1.4506	rmse:1.3201	mae:0.7914	pmae:0.1530	pcc:0.9558
2022-08-09 21:37:21,135 - root - INFO - val: loss:5.5142	rmse:5.1833	mae:1.6291	pmae:0.3612	pcc:0.7938
2022-08-09 21:37:21,135 - root - INFO - test: loss:4.8778	rmse:4.6916	mae:1.5668	pmae:0.3562	pcc:0.8136
2022-08-09 21:37:22,990 - root - INFO - Epoch 25:
2022-08-09 22:17:15,776 - root - INFO - Epoch25: time_cost:1274.9604799747467 train_loss:1.0465607186467363
2022-08-09 22:17:15,777 - root - INFO - train: loss:1.6023	rmse:1.4618	mae:0.8457	pmae:0.1595	pcc:0.9546
2022-08-09 22:17:15,777 - root - INFO - val: loss:5.7002	rmse:5.3737	mae:1.6714	pmae:0.3625	pcc:0.7893
2022-08-09 22:17:15,777 - root - INFO - test: loss:4.9960	rmse:4.7941	mae:1.5970	pmae:0.3540	pcc:0.8124
2022-08-09 22:17:16,824 - root - INFO - Epoch 26:
2022-08-09 22:57:46,890 - root - INFO - Epoch26: time_cost:1308.34814286232 train_loss:1.0051294213364075
2022-08-09 22:57:46,890 - root - INFO - train: loss:1.5360	rmse:1.4002	mae:0.8224	pmae:0.1526	pcc:0.9581
2022-08-09 22:57:46,891 - root - INFO - val: loss:5.6841	rmse:5.3482	mae:1.6539	pmae:0.3566	pcc:0.7924
2022-08-09 22:57:46,891 - root - INFO - test: loss:4.9297	rmse:4.7525	mae:1.5733	pmae:0.3439	pcc:0.8169
2022-08-09 22:57:48,193 - root - INFO - Epoch 27:
2022-08-09 23:42:35,171 - root - INFO - Epoch27: time_cost:1315.953356742859 train_loss:0.9699794226305192
2022-08-09 23:42:35,172 - root - INFO - train: loss:1.8257	rmse:1.7044	mae:0.9188	pmae:0.1595	pcc:0.9581
2022-08-09 23:42:35,172 - root - INFO - val: loss:6.0611	rmse:5.7374	mae:1.7411	pmae:0.3569	pcc:0.7852
2022-08-09 23:42:35,172 - root - INFO - test: loss:5.3221	rmse:5.1576	mae:1.6638	pmae:0.3478	pcc:0.8085
2022-08-09 23:42:36,321 - root - INFO - Epoch 28:
2022-08-10 00:23:21,005 - root - INFO - Epoch28: time_cost:1311.0199265480042 train_loss:0.8989315864865847
2022-08-10 00:23:21,006 - root - INFO - train: loss:1.8901	rmse:1.8078	mae:0.9618	pmae:0.1648	pcc:0.9575
2022-08-10 00:23:21,006 - root - INFO - val: loss:6.2496	rmse:5.9646	mae:1.8065	pmae:0.3726	pcc:0.7763
2022-08-10 00:23:21,006 - root - INFO - test: loss:5.5274	rmse:5.3844	mae:1.7293	pmae:0.3642	pcc:0.8001
2022-08-10 00:23:22,318 - root - INFO - Epoch 29:
2022-08-10 01:03:57,488 - root - INFO - Epoch29: time_cost:1295.9890627861023 train_loss:0.8454310151792312
2022-08-10 01:03:57,488 - root - INFO - train: loss:1.8262	rmse:1.6636	mae:0.9080	pmae:0.1613	pcc:0.9553
2022-08-10 01:03:57,488 - root - INFO - val: loss:6.0898	rmse:5.7756	mae:1.7303	pmae:0.3617	pcc:0.7796
2022-08-10 01:03:57,488 - root - INFO - test: loss:5.3638	rmse:5.1978	mae:1.6701	pmae:0.3535	pcc:0.8034
2022-08-10 01:03:59,112 - root - INFO - Epoch 30:
2022-08-10 02:28:00,147 - root - INFO - Epoch30: time_cost:2051.750178337097 train_loss:0.8062959236176556
2022-08-10 02:28:00,147 - root - INFO - train: loss:1.5190	rmse:1.3441	mae:0.8102	pmae:0.1505	pcc:0.9599
2022-08-10 02:28:00,147 - root - INFO - val: loss:5.7490	rmse:5.4195	mae:1.6717	pmae:0.3630	pcc:0.7877
2022-08-10 02:28:00,147 - root - INFO - test: loss:5.0146	rmse:4.8185	mae:1.5985	pmae:0.3521	pcc:0.8125
2022-08-10 02:28:01,511 - root - INFO - Epoch 31:
2022-08-10 04:01:47,511 - root - INFO - Epoch31: time_cost:2443.0968227386475 train_loss:0.8054417897631329
2022-08-10 04:01:47,511 - root - INFO - train: loss:1.5575	rmse:1.3695	mae:0.8234	pmae:0.1498	pcc:0.9624
2022-08-10 04:01:47,511 - root - INFO - val: loss:5.9609	rmse:5.6074	mae:1.7181	pmae:0.3674	pcc:0.7821
2022-08-10 04:01:47,511 - root - INFO - test: loss:5.2622	rmse:5.0498	mae:1.6489	pmae:0.3592	pcc:0.8049
2022-08-10 04:01:49,195 - root - INFO - Epoch 32:
2022-08-10 05:26:54,464 - root - INFO - Epoch32: time_cost:2921.7873334884644 train_loss:0.7438302707683073
2022-08-10 05:26:54,465 - root - INFO - train: loss:1.6589	rmse:1.5791	mae:0.9111	pmae:0.1591	pcc:0.9617
2022-08-10 05:26:54,465 - root - INFO - val: loss:6.0109	rmse:5.7148	mae:1.7574	pmae:0.3683	pcc:0.7832
2022-08-10 05:26:54,465 - root - INFO - test: loss:5.3120	rmse:5.1706	mae:1.6966	pmae:0.3616	pcc:0.8056
2022-08-10 05:26:55,538 - root - INFO - Epoch 33:
2022-08-10 06:07:21,104 - root - INFO - Epoch33: time_cost:1328.2889721393585 train_loss:0.7222349449743857
2022-08-10 06:07:21,104 - root - INFO - train: loss:1.7726	rmse:1.6985	mae:0.9516	pmae:0.1619	pcc:0.9636
2022-08-10 06:07:21,104 - root - INFO - val: loss:6.2021	rmse:5.8927	mae:1.7688	pmae:0.3552	pcc:0.7861
2022-08-10 06:07:21,104 - root - INFO - test: loss:5.4272	rmse:5.2834	mae:1.6993	pmae:0.3458	pcc:0.8111
2022-08-10 06:07:22,262 - root - INFO - Epoch 34:
2022-08-10 06:47:02,188 - root - INFO - Epoch34: time_cost:1270.7217683792114 train_loss:0.6711130304941166
2022-08-10 06:47:02,188 - root - INFO - train: loss:2.1063	rmse:2.0199	mae:1.0404	pmae:0.1700	pcc:0.9644
2022-08-10 06:47:02,189 - root - INFO - val: loss:6.7300	rmse:6.4052	mae:1.8502	pmae:0.3516	pcc:0.7825
2022-08-10 06:47:02,189 - root - INFO - test: loss:5.9339	rmse:5.7876	mae:1.7788	pmae:0.3441	pcc:0.8061
2022-08-10 06:47:03,641 - root - INFO - Epoch 35:
2022-08-10 07:27:06,112 - root - INFO - Epoch35: time_cost:1312.5856938362122 train_loss:0.6641063778379336
2022-08-10 07:27:06,113 - root - INFO - train: loss:1.6515	rmse:1.6132	mae:0.9285	pmae:0.1593	pcc:0.9648
2022-08-10 07:27:06,113 - root - INFO - val: loss:6.1740	rmse:5.8800	mae:1.7769	pmae:0.3584	pcc:0.7849
2022-08-10 07:27:06,113 - root - INFO - test: loss:5.3741	rmse:5.2360	mae:1.6970	pmae:0.3497	pcc:0.8103
2022-08-10 07:27:07,145 - root - INFO - Epoch 36:
2022-08-10 08:06:38,160 - root - INFO - Epoch36: time_cost:1276.5120539665222 train_loss:0.6392580042835343
2022-08-10 08:06:38,160 - root - INFO - train: loss:1.5578	rmse:1.5250	mae:0.9039	pmae:0.1525	pcc:0.9676
2022-08-10 08:06:38,160 - root - INFO - val: loss:5.8948	rmse:5.6328	mae:1.7706	pmae:0.3703	pcc:0.7896
2022-08-10 08:06:38,161 - root - INFO - test: loss:5.3301	rmse:5.1876	mae:1.7117	pmae:0.3646	pcc:0.8078
2022-08-10 08:06:39,280 - root - INFO - Epoch 37:
2022-08-10 08:46:05,588 - root - INFO - Epoch37: time_cost:1245.6420226097107 train_loss:0.6101655080390838
2022-08-10 08:46:05,588 - root - INFO - train: loss:1.4775	rmse:1.4025	mae:0.8700	pmae:0.1542	pcc:0.9656
2022-08-10 08:46:05,588 - root - INFO - val: loss:5.9440	rmse:5.6436	mae:1.7301	pmae:0.3615	pcc:0.7870
2022-08-10 08:46:05,588 - root - INFO - test: loss:5.1476	rmse:4.9985	mae:1.6475	pmae:0.3491	pcc:0.8135
2022-08-10 08:46:06,700 - root - INFO - Epoch 38:
2022-08-10 12:02:34,331 - root - INFO - Epoch38: time_cost:5149.558235406876 train_loss:0.5861998939567703
2022-08-10 12:02:34,331 - root - INFO - train: loss:2.0277	rmse:2.0288	mae:1.0545	pmae:0.1690	pcc:0.9690
2022-08-10 12:02:34,332 - root - INFO - val: loss:6.5884	rmse:6.3375	mae:1.8689	pmae:0.3580	pcc:0.7861
2022-08-10 12:02:34,333 - root - INFO - test: loss:5.8297	rmse:5.7265	mae:1.8038	pmae:0.3511	pcc:0.8107
2022-08-10 12:02:35,930 - root - INFO - Epoch 39:
2022-08-10 15:34:34,322 - root - INFO - Epoch39: time_cost:5928.895487070084 train_loss:0.5664101922016525
2022-08-10 15:34:34,323 - root - INFO - train: loss:1.9019	rmse:1.8682	mae:1.0043	pmae:0.1641	pcc:0.9656
2022-08-10 15:34:34,323 - root - INFO - val: loss:6.3921	rmse:6.1253	mae:1.8522	pmae:0.3687	pcc:0.7828
2022-08-10 15:34:34,323 - root - INFO - test: loss:5.7251	rmse:5.6051	mae:1.7902	pmae:0.3634	pcc:0.8029
2022-08-10 15:34:36,506 - root - INFO - Epoch 40:
2022-08-10 18:56:53,376 - root - INFO - Epoch40: time_cost:5297.258073806763 train_loss:0.5555778050557885
2022-08-10 18:56:53,377 - root - INFO - train: loss:1.6095	rmse:1.5184	mae:0.9037	pmae:0.1506	pcc:0.9711
2022-08-10 18:56:53,377 - root - INFO - val: loss:6.0761	rmse:5.7541	mae:1.7618	pmae:0.3549	pcc:0.7925
2022-08-10 18:56:53,377 - root - INFO - test: loss:5.3800	rmse:5.2291	mae:1.6994	pmae:0.3501	pcc:0.8124
2022-08-10 18:56:53,377 - root - INFO - No improvement over 15 epochs, stop training
2022-08-10 18:56:53,377 - root - INFO - Loading the best model at epoch 24
2022-08-10 18:56:53,609 - root - INFO - Loaded the best model at epoch 24 for inference
2022-08-10 20:52:00,833 - root - INFO - Runs:0
 {'train': {'rmse': [8.3152, 7.6188, 6.9788, 6.3705, 6.0246, 5.5971, 5.2353, 4.9011, 4.6432, 4.7694, 4.2423, 4.1761, 3.8087, 3.2991, 3.3338, 3.3292, 2.5251, 2.6546, 1.9945, 1.9671, 1.7073, 1.6764, 1.8236, 1.7344, 1.3201, 1.4618, 1.4002, 1.7044, 1.8078, 1.6636, 1.3441, 1.3695, 1.5791, 1.6985, 2.0199, 1.6132, 1.525, 1.4025, 2.0288, 1.8682, 1.5184, 1.3201], 'mae': [2.3173, 2.1926, 2.079, 1.964, 1.8961, 1.8069, 1.7392, 1.6555, 1.5893, 1.6045, 1.4613, 1.4591, 1.3667, 1.2543, 1.2728, 1.2922, 1.0925, 1.1372, 0.9618, 0.956, 0.8986, 0.8872, 0.9345, 0.9187, 0.7914, 0.8457, 0.8224, 0.9188, 0.9618, 0.908, 0.8102, 0.8234, 0.9111, 0.9516, 1.0404, 0.9285, 0.9039, 0.87, 1.0545, 1.0043, 0.9037, 0.7914], 'pmae': [0.422, 0.3978, 0.3791, 0.3613, 0.3513, 0.34, 0.3287, 0.3179, 0.3017, 0.2935, 0.271, 0.2663, 0.2491, 0.2332, 0.23, 0.2344, 0.2066, 0.2093, 0.1865, 0.1826, 0.177, 0.1697, 0.17, 0.1678, 0.153, 0.1595, 0.1526, 0.1595, 0.1648, 0.1613, 0.1505, 0.1498, 0.1591, 0.1619, 0.17, 0.1593, 0.1525, 0.1542, 0.169, 0.1641, 0.1506, 0.153], 'pcc': [0.8105, 0.8214, 0.8273, 0.8322, 0.8365, 0.8394, 0.8482, 0.8505, 0.8594, 0.8618, 0.8677, 0.8731, 0.8825, 0.8914, 0.9005, 0.9017, 0.9177, 0.9205, 0.9302, 0.9345, 0.9416, 0.9438, 0.947, 0.9484, 0.9558, 0.9546, 0.9581, 0.9581, 0.9575, 0.9553, 0.9599, 0.9624, 0.9617, 0.9636, 0.9644, 0.9648, 0.9676, 0.9656, 0.969, 0.9656, 0.9711, 0.9558], 'loss': [8.271879153667793, 7.808556531731243, 7.326066319645363, 6.906632799236803, 6.61152587990436, 6.225029213590861, 5.826408278608659, 5.560893554102001, 5.24670409732404, 5.328648421712992, 4.849694946683168, 4.665903320969046, 4.300007253997606, 3.7275724274997333, 3.6888987729705347, 3.668088526701725, 2.817903885189382, 2.950157007399353, 2.2222755534371745, 2.2130057124039766, 1.8822396201083662, 1.8402780255350983, 2.000447190504731, 1.88485069469451, 1.4505660389177066, 1.6022534465635843, 1.535970525197966, 1.8256869777169946, 1.8900556857082744, 1.8261996108712044, 1.5190237412462908, 1.5575441284870066, 1.6589223116432557, 1.7725867421254726, 2.1063133121962974, 1.6515487205340105, 1.557834639999446, 1.4774750825261207, 2.0276763488269176, 1.9019222546998604, 1.6094561791479558, 1.4505660389177066]}, 'val': {'rmse': [8.7321, 8.1342, 7.5574, 7.0532, 6.7681, 6.4729, 6.2341, 6.0271, 5.9856, 6.3778, 6.1146, 6.216, 6.1669, 5.879, 6.0705, 6.1412, 5.5655, 5.8721, 5.426, 5.5292, 5.2515, 5.3057, 5.5957, 5.5487, 5.1833, 5.3737, 5.3482, 5.7374, 5.9646, 5.7756, 5.4195, 5.6074, 5.7148, 5.8927, 6.4052, 5.88, 5.6328, 5.6436, 6.3375, 6.1253, 5.7541, 5.1833], 'mae': [2.3681, 2.2556, 2.1488, 2.0519, 1.9951, 1.9251, 1.8835, 1.8235, 1.7999, 1.857, 1.7739, 1.7966, 1.768, 1.7063, 1.751, 1.785, 1.6637, 1.7447, 1.6397, 1.6684, 1.6339, 1.6359, 1.6983, 1.7014, 1.6291, 1.6714, 1.6539, 1.7411, 1.8065, 1.7303, 1.6717, 1.7181, 1.7574, 1.7688, 1.8502, 1.7769, 1.7706, 1.7301, 1.8689, 1.8522, 1.7618, 1.6291], 'pmae': [0.4276, 0.4074, 0.3899, 0.3769, 0.37, 0.3628, 0.3586, 0.3539, 0.3483, 0.3481, 0.3398, 0.3386, 0.3361, 0.3346, 0.3368, 0.3452, 0.3373, 0.352, 0.3529, 0.357, 0.3574, 0.3515, 0.353, 0.3588, 0.3612, 0.3625, 0.3566, 0.3569, 0.3726, 0.3617, 0.363, 0.3674, 0.3683, 0.3552, 0.3516, 0.3584, 0.3703, 0.3615, 0.358, 0.3687, 0.3549, 0.3612], 'pcc': [0.7808, 0.7863, 0.7911, 0.7927, 0.7946, 0.7918, 0.7959, 0.7925, 0.7926, 0.7853, 0.7829, 0.7831, 0.7811, 0.7826, 0.7823, 0.7792, 0.7898, 0.7796, 0.7882, 0.7838, 0.7912, 0.7926, 0.7862, 0.7868, 0.7938, 0.7893, 0.7924, 0.7852, 0.7763, 0.7796, 0.7877, 0.7821, 0.7832, 0.7861, 0.7825, 0.7849, 0.7896, 0.787, 0.7861, 0.7828, 0.7925, 0.7938], 'loss': [8.648898496375214, 8.169648007917575, 7.697131478435424, 7.29500608196917, 7.049447563450175, 6.807561037226945, 6.575597357032679, 6.414396383466367, 6.379226881431964, 6.760449929519585, 6.533049015714231, 6.593385799379144, 6.586863303845957, 6.276821807681584, 6.444705004502389, 6.484901420619463, 5.9330407121366315, 6.224116087912088, 5.781540648495814, 5.879341995747929, 5.585351817588818, 5.631157058761342, 5.931891174128032, 5.865864476004344, 5.514187939559368, 5.700210774569344, 5.684100517963283, 6.061101789401003, 6.249569419222593, 6.089848067183161, 5.748953043794601, 5.960912013903894, 6.010944155894796, 6.202096704202442, 6.729991186096437, 6.173976316799358, 5.894795861858296, 5.9439830133977685, 6.5884473101232315, 6.392126380405518, 6.076079347587633, 5.514187939559368]}, 'test': {'rmse': [8.5139, 7.9007, 7.3028, 6.7735, 6.4825, 6.1455, 5.8618, 5.6668, 5.6176, 5.9093, 5.5659, 5.6596, 5.57, 5.2335, 5.4261, 5.5423, 4.9284, 5.3329, 4.858, 4.993, 4.7165, 4.8216, 5.0777, 5.0544, 4.6916, 4.7941, 4.7525, 5.1576, 5.3844, 5.1978, 4.8185, 5.0498, 5.1706, 5.2834, 5.7876, 5.236, 5.1876, 4.9985, 5.7265, 5.6051, 5.2291, 4.6916], 'mae': [2.3501, 2.2403, 2.133, 2.0299, 1.9698, 1.8941, 1.8467, 1.7845, 1.761, 1.8091, 1.717, 1.7414, 1.7046, 1.6363, 1.6832, 1.7302, 1.5959, 1.6846, 1.5821, 1.6054, 1.5662, 1.5776, 1.6302, 1.6411, 1.5668, 1.597, 1.5733, 1.6638, 1.7293, 1.6701, 1.5985, 1.6489, 1.6966, 1.6993, 1.7788, 1.697, 1.7117, 1.6475, 1.8038, 1.7902, 1.6994, 1.5668], 'pmae': [0.4242, 0.4048, 0.3886, 0.374, 0.3668, 0.3589, 0.3538, 0.349, 0.3443, 0.3433, 0.3343, 0.3335, 0.3329, 0.3285, 0.3304, 0.3401, 0.3316, 0.3472, 0.348, 0.3507, 0.3509, 0.3473, 0.3455, 0.3532, 0.3562, 0.354, 0.3439, 0.3478, 0.3642, 0.3535, 0.3521, 0.3592, 0.3616, 0.3458, 0.3441, 0.3497, 0.3646, 0.3491, 0.3511, 0.3634, 0.3501, 0.3562], 'pcc': [0.8011, 0.8061, 0.8089, 0.8106, 0.8115, 0.8102, 0.8158, 0.8112, 0.8103, 0.8063, 0.8058, 0.806, 0.8037, 0.8079, 0.8079, 0.8038, 0.815, 0.8014, 0.8106, 0.8054, 0.8131, 0.8117, 0.8068, 0.806, 0.8136, 0.8124, 0.8169, 0.8085, 0.8001, 0.8034, 0.8125, 0.8049, 0.8056, 0.8111, 0.8061, 0.8103, 0.8078, 0.8135, 0.8107, 0.8029, 0.8124, 0.8136], 'loss': [8.266294956365497, 7.7820494841916075, 7.292437973897288, 6.885968178043219, 6.627696086386813, 6.331660934683492, 6.050346046740238, 5.906402339274373, 5.86239428581918, 6.127057511817703, 5.819957005194637, 5.890540153723959, 5.81316318532171, 5.466064987790942, 5.641476043920719, 5.754221823851835, 5.137291514496593, 5.5561607196986165, 5.085156901743242, 5.2468680659140725, 4.922381806301001, 5.029713457428241, 5.301478352593889, 5.260736908896442, 4.87782365865686, 4.99603285864564, 4.929744582196506, 5.3220937014427845, 5.527419362812675, 5.3638293256451774, 5.014626761907698, 5.262206031062493, 5.311958850905775, 5.427215919154716, 5.9338638973678295, 5.374074790136764, 5.3301277454192855, 5.1476280792131455, 5.829684849454474, 5.725103841301413, 5.379974732524416, 4.87782365865686]}}
2022-08-10 20:52:01,746 - root - INFO - Final: test_rmse:4.6916 test_mae:1.5668 test_pmae:0.3562 test_pcc:0.8136
