2022-08-09 04:56:07,163 - root - INFO - Min time is 1893-07-01, Train time is 84, Val time is 94, Test time is 104, Time unit is 365
2022-08-09 04:59:03,417 - root - INFO - Total Trans num is 939686, Train cas num is 34002, Val cas num is 7286, Test cas num is 7287
2022-08-09 04:59:03,755 - root - INFO - Time cost for loading data is 183.80100011825562s
2022-08-09 04:59:03,774 - root - INFO - {'dataset': 'aps', 'bs': 50, 'prefix': 'merge_static_dynamic_aps_concat', 'epoch': 150, 'lr': 0.0001, 'run': 1, 'gpu': 0, 'node_dim': 64, 'time_dim': 16, 'message_dim': 64, 'memory_dim': 64, 'emb_dim': 64, 'patience': 15, 'predictor': 'merge', 'embedding_module': 'seq', 'message_function': 'mlp', 'message_generator': 'concat', 'single': False, 'warmup': False, 'datasplit': 'split', 'emb_agg': 'last', 'not_distinguish_source': False, 'use_bank': False, 'use_static': True, 'dropout': 0.6, 'static_weight': 0.1, 'model_path': 'saved_models/merge_static_dynamic_aps_concat', 'result_path': 'results/merge_static_dynamic_aps_concat', 'log_path': 'log/merge_static_dynamic_aps_concat.log', 'observe_time': 5, 'predict_time': 500, 'time_unit': 365, 'train_time': 84, 'val_time': 94, 'test_time': 104, 'min_cas_size': 11, 'max_cas_size': 100, 'max_time': {'user': 1, 'cas': 5}, 'node_num': {'user': 218323, 'cas': 48575}, 'max_global_time': 109.56164383561644}
2022-08-09 04:59:03,774 - root - INFO - begin runs:0
2022-08-09 04:59:10,478 - root - INFO - Start training citation
2022-08-09 04:59:10,480 - root - INFO - Epoch 0:
2022-08-09 06:18:07,084 - root - INFO - Epoch0: time_cost:2592.414468050003 train_loss:2.464666664173223
2022-08-09 06:18:07,085 - root - INFO - train: loss:2.2832	rmse:2.1536	mae:1.1445	pmae:0.2874	pcc:0.6213
2022-08-09 06:18:07,085 - root - INFO - val: loss:2.1999	rmse:2.1095	mae:1.1452	pmae:0.2897	pcc:0.6214
2022-08-09 06:18:07,085 - root - INFO - test: loss:2.1779	rmse:2.1187	mae:1.1473	pmae:0.2893	pcc:0.6208
2022-08-09 06:18:09,993 - root - INFO - Epoch 1:
2022-08-09 07:33:33,388 - root - INFO - Epoch1: time_cost:2378.557706594467 train_loss:2.096529364023409
2022-08-09 07:33:33,388 - root - INFO - train: loss:2.1950	rmse:2.0942	mae:1.1290	pmae:0.2845	pcc:0.6357
2022-08-09 07:33:33,388 - root - INFO - val: loss:2.1530	rmse:2.0675	mae:1.1342	pmae:0.2880	pcc:0.6314
2022-08-09 07:33:33,388 - root - INFO - test: loss:2.1268	rmse:2.0740	mae:1.1340	pmae:0.2872	pcc:0.6312
2022-08-09 07:33:35,602 - root - INFO - Epoch 2:
2022-08-09 08:49:42,506 - root - INFO - Epoch2: time_cost:2379.7938163280487 train_loss:2.0300678848735565
2022-08-09 08:49:42,506 - root - INFO - train: loss:2.0955	rmse:2.0081	mae:1.1016	pmae:0.2828	pcc:0.6481
2022-08-09 08:49:42,507 - root - INFO - val: loss:2.1027	rmse:2.0127	mae:1.1181	pmae:0.2891	pcc:0.6367
2022-08-09 08:49:42,507 - root - INFO - test: loss:2.0692	rmse:2.0189	mae:1.1156	pmae:0.2879	pcc:0.6361
2022-08-09 08:49:44,671 - root - INFO - Epoch 3:
2022-08-09 10:06:54,021 - root - INFO - Epoch3: time_cost:2462.1211376190186 train_loss:1.962220812981839
2022-08-09 10:06:54,022 - root - INFO - train: loss:1.9634	rmse:1.8944	mae:1.0627	pmae:0.2789	pcc:0.6690
2022-08-09 10:06:54,022 - root - INFO - val: loss:2.0534	rmse:1.9586	mae:1.1013	pmae:0.2909	pcc:0.6441
2022-08-09 10:06:54,022 - root - INFO - test: loss:2.0122	rmse:1.9637	mae:1.0968	pmae:0.2893	pcc:0.6436
2022-08-09 10:06:56,349 - root - INFO - Epoch 4:
2022-08-09 11:24:30,393 - root - INFO - Epoch4: time_cost:2495.0396008491516 train_loss:1.8711995890647712
2022-08-09 11:24:30,393 - root - INFO - train: loss:1.7990	rmse:1.7520	mae:1.0098	pmae:0.2720	pcc:0.7021
2022-08-09 11:24:30,393 - root - INFO - val: loss:2.0188	rmse:1.9203	mae:1.0891	pmae:0.2948	pcc:0.6535
2022-08-09 11:24:30,393 - root - INFO - test: loss:1.9718	rmse:1.9243	mae:1.0822	pmae:0.2925	pcc:0.6534
2022-08-09 11:24:33,501 - root - INFO - Epoch 5:
2022-08-09 12:41:49,788 - root - INFO - Epoch5: time_cost:2464.8328247070312 train_loss:1.7545399257584513
2022-08-09 12:41:49,788 - root - INFO - train: loss:1.6220	rmse:1.6043	mae:0.9552	pmae:0.2636	pcc:0.7404
2022-08-09 12:41:49,788 - root - INFO - val: loss:1.9992	rmse:1.8990	mae:1.0806	pmae:0.2991	pcc:0.6652
2022-08-09 12:41:49,788 - root - INFO - test: loss:1.9488	rmse:1.9049	mae:1.0727	pmae:0.2965	pcc:0.6647
2022-08-09 12:41:52,155 - root - INFO - Epoch 6:
2022-08-09 14:00:30,922 - root - INFO - Epoch6: time_cost:2501.902095556259 train_loss:1.6091080938333813
2022-08-09 14:00:30,922 - root - INFO - train: loss:1.4553	rmse:1.4659	mae:0.9072	pmae:0.2519	pcc:0.7717
2022-08-09 14:00:30,922 - root - INFO - val: loss:1.9781	rmse:1.8805	mae:1.0755	pmae:0.2995	pcc:0.6745
2022-08-09 14:00:30,922 - root - INFO - test: loss:1.9233	rmse:1.8865	mae:1.0680	pmae:0.2970	pcc:0.6739
2022-08-09 14:00:34,254 - root - INFO - Epoch 7:
2022-08-09 15:17:28,859 - root - INFO - Epoch7: time_cost:2461.3176605701447 train_loss:1.4917371762810994
2022-08-09 15:17:28,859 - root - INFO - train: loss:1.2863	rmse:1.3111	mae:0.8509	pmae:0.2347	pcc:0.7998
2022-08-09 15:17:28,859 - root - INFO - val: loss:1.9293	rmse:1.8306	mae:1.0602	pmae:0.2933	pcc:0.6814
2022-08-09 15:17:28,859 - root - INFO - test: loss:1.8668	rmse:1.8301	mae:1.0504	pmae:0.2901	pcc:0.6822
2022-08-09 15:17:31,150 - root - INFO - Epoch 8:
2022-08-09 16:33:13,473 - root - INFO - Epoch8: time_cost:2425.5997195243835 train_loss:1.3857439912554514
2022-08-09 16:33:13,474 - root - INFO - train: loss:1.1771	rmse:1.2227	mae:0.8189	pmae:0.2274	pcc:0.8196
2022-08-09 16:33:13,474 - root - INFO - val: loss:1.9204	rmse:1.8282	mae:1.0567	pmae:0.2947	pcc:0.6870
2022-08-09 16:33:13,474 - root - INFO - test: loss:1.8663	rmse:1.8342	mae:1.0524	pmae:0.2926	pcc:0.6859
2022-08-09 16:33:16,486 - root - INFO - Epoch 9:
2022-08-09 17:49:28,118 - root - INFO - Epoch9: time_cost:2422.9358162879944 train_loss:1.2558753584782876
2022-08-09 17:49:28,118 - root - INFO - train: loss:1.0916	rmse:1.1576	mae:0.8009	pmae:0.2237	pcc:0.8383
2022-08-09 17:49:28,118 - root - INFO - val: loss:1.9398	rmse:1.8548	mae:1.0659	pmae:0.3003	pcc:0.6942
2022-08-09 17:49:28,118 - root - INFO - test: loss:1.8885	rmse:1.8631	mae:1.0632	pmae:0.2982	pcc:0.6920
2022-08-09 17:49:30,223 - root - INFO - Epoch 10:
2022-08-09 19:06:21,920 - root - INFO - Epoch10: time_cost:2467.068026304245 train_loss:1.1487288272438498
2022-08-09 19:06:21,920 - root - INFO - train: loss:0.9685	rmse:1.0471	mae:0.7586	pmae:0.2100	pcc:0.8537
2022-08-09 19:06:21,920 - root - INFO - val: loss:1.9097	rmse:1.8235	mae:1.0560	pmae:0.2955	pcc:0.6962
2022-08-09 19:06:21,921 - root - INFO - test: loss:1.8456	rmse:1.8246	mae:1.0500	pmae:0.2925	pcc:0.6953
2022-08-09 19:06:24,091 - root - INFO - Epoch 11:
2022-08-09 20:24:12,583 - root - INFO - Epoch11: time_cost:2470.1480691432953 train_loss:1.0737254902955309
2022-08-09 20:24:12,584 - root - INFO - train: loss:0.8565	rmse:0.9346	mae:0.7142	pmae:0.1958	pcc:0.8699
2022-08-09 20:24:12,584 - root - INFO - val: loss:1.8628	rmse:1.7792	mae:1.0409	pmae:0.2892	pcc:0.7018
2022-08-09 20:24:12,584 - root - INFO - test: loss:1.8141	rmse:1.7895	mae:1.0384	pmae:0.2877	pcc:0.6990
2022-08-09 20:24:14,682 - root - INFO - Epoch 12:
2022-08-09 21:39:37,580 - root - INFO - Epoch12: time_cost:2375.5093326568604 train_loss:0.9984283746654348
2022-08-09 21:39:37,581 - root - INFO - train: loss:0.7140	rmse:0.8051	mae:0.6556	pmae:0.1721	pcc:0.8808
2022-08-09 21:39:37,581 - root - INFO - val: loss:1.7831	rmse:1.6982	mae:1.0160	pmae:0.2724	pcc:0.7029
2022-08-09 21:39:37,581 - root - INFO - test: loss:1.7383	rmse:1.7114	mae:1.0163	pmae:0.2714	pcc:0.7003
2022-08-09 21:39:40,149 - root - INFO - Epoch 13:
2022-08-09 22:55:48,423 - root - INFO - Epoch13: time_cost:2404.81516623497 train_loss:0.9247669020470409
2022-08-09 22:55:48,423 - root - INFO - train: loss:0.6630	rmse:0.7573	mae:0.6349	pmae:0.1685	pcc:0.8904
2022-08-09 22:55:48,423 - root - INFO - val: loss:1.7924	rmse:1.7104	mae:1.0199	pmae:0.2766	pcc:0.7050
2022-08-09 22:55:48,423 - root - INFO - test: loss:1.7447	rmse:1.7190	mae:1.0173	pmae:0.2750	pcc:0.7031
2022-08-09 22:55:50,379 - root - INFO - Epoch 14:
2022-08-10 00:16:52,781 - root - INFO - Epoch14: time_cost:2625.149434566498 train_loss:0.8646093935586948
2022-08-10 00:16:52,782 - root - INFO - train: loss:0.5835	rmse:0.6784	mae:0.5984	pmae:0.1569	pcc:0.9014
2022-08-10 00:16:52,782 - root - INFO - val: loss:1.7602	rmse:1.6796	mae:1.0102	pmae:0.2712	pcc:0.7091
2022-08-10 00:16:52,782 - root - INFO - test: loss:1.7081	rmse:1.6828	mae:1.0053	pmae:0.2691	pcc:0.7084
2022-08-10 00:16:56,246 - root - INFO - Epoch 15:
2022-08-10 02:05:51,175 - root - INFO - Epoch15: time_cost:2478.505998849869 train_loss:0.8093514102118479
2022-08-10 02:05:51,175 - root - INFO - train: loss:0.5628	rmse:0.6547	mae:0.5927	pmae:0.1472	pcc:0.9064
2022-08-10 02:05:51,175 - root - INFO - val: loss:1.7479	rmse:1.6653	mae:1.0098	pmae:0.2610	pcc:0.7088
2022-08-10 02:05:51,175 - root - INFO - test: loss:1.7151	rmse:1.6810	mae:1.0086	pmae:0.2598	pcc:0.7063
2022-08-10 02:05:53,422 - root - INFO - Epoch 16:
2022-08-10 05:00:56,882 - root - INFO - Epoch16: time_cost:4465.072633266449 train_loss:0.7588044750769812
2022-08-10 05:00:56,882 - root - INFO - train: loss:0.5185	rmse:0.6078	mae:0.5680	pmae:0.1480	pcc:0.9123
2022-08-10 05:00:56,882 - root - INFO - val: loss:1.7830	rmse:1.6975	mae:1.0138	pmae:0.2724	pcc:0.7067
2022-08-10 05:00:56,883 - root - INFO - test: loss:1.7207	rmse:1.6959	mae:1.0109	pmae:0.2705	pcc:0.7070
2022-08-10 05:00:58,836 - root - INFO - Epoch 17:
2022-08-10 06:26:24,021 - root - INFO - Epoch17: time_cost:3030.4922757148743 train_loss:0.7183068162538974
2022-08-10 06:26:24,021 - root - INFO - train: loss:0.5125	rmse:0.6094	mae:0.5775	pmae:0.1540	pcc:0.9197
2022-08-10 06:26:24,021 - root - INFO - val: loss:1.8043	rmse:1.7303	mae:1.0251	pmae:0.2819	pcc:0.7117
2022-08-10 06:26:24,021 - root - INFO - test: loss:1.7524	rmse:1.7305	mae:1.0198	pmae:0.2791	pcc:0.7114
2022-08-10 06:26:25,665 - root - INFO - Epoch 18:
2022-08-10 07:41:24,174 - root - INFO - Epoch18: time_cost:2390.1447315216064 train_loss:0.6738060831639057
2022-08-10 07:41:24,174 - root - INFO - train: loss:0.4206	rmse:0.5085	mae:0.5178	pmae:0.1304	pcc:0.9244
2022-08-10 07:41:24,175 - root - INFO - val: loss:1.7411	rmse:1.6600	mae:1.0036	pmae:0.2639	pcc:0.7132
2022-08-10 07:41:24,175 - root - INFO - test: loss:1.6888	rmse:1.6638	mae:1.0014	pmae:0.2623	pcc:0.7128
2022-08-10 07:41:26,754 - root - INFO - Epoch 19:
2022-08-10 09:35:56,072 - root - INFO - Epoch19: time_cost:2315.529810667038 train_loss:0.6297176757812898
2022-08-10 09:35:56,072 - root - INFO - train: loss:0.4343	rmse:0.5137	mae:0.5256	pmae:0.1378	pcc:0.9305
2022-08-10 09:35:56,072 - root - INFO - val: loss:1.7730	rmse:1.6908	mae:1.0113	pmae:0.2754	pcc:0.7130
2022-08-10 09:35:56,072 - root - INFO - test: loss:1.7170	rmse:1.6903	mae:1.0083	pmae:0.2729	pcc:0.7129
2022-08-10 09:35:58,818 - root - INFO - Epoch 20:
2022-08-10 16:01:09,210 - root - INFO - Epoch20: time_cost:10349.103838205338 train_loss:0.6069841979214765
2022-08-10 16:01:09,210 - root - INFO - train: loss:0.3831	rmse:0.4621	mae:0.4941	pmae:0.1276	pcc:0.9356
2022-08-10 16:01:09,210 - root - INFO - val: loss:1.7576	rmse:1.6751	mae:1.0054	pmae:0.2707	pcc:0.7113
2022-08-10 16:01:09,210 - root - INFO - test: loss:1.6934	rmse:1.6689	mae:1.0016	pmae:0.2680	pcc:0.7127
2022-08-10 16:01:12,214 - root - INFO - Epoch 21:
2022-08-10 21:55:05,722 - root - INFO - Epoch21: time_cost:10347.402789592743 train_loss:0.5734848966657525
2022-08-10 21:55:05,722 - root - INFO - train: loss:0.3947	rmse:0.4728	mae:0.5041	pmae:0.1314	pcc:0.9358
2022-08-10 21:55:05,723 - root - INFO - val: loss:1.7890	rmse:1.7118	mae:1.0174	pmae:0.2765	pcc:0.7101
2022-08-10 21:55:05,723 - root - INFO - test: loss:1.7227	rmse:1.7027	mae:1.0121	pmae:0.2737	pcc:0.7117
2022-08-10 21:55:07,803 - root - INFO - Epoch 22:
2022-08-11 01:10:48,280 - root - INFO - Epoch22: time_cost:6962.832239151001 train_loss:0.5374710110533207
2022-08-11 01:10:48,281 - root - INFO - train: loss:0.3471	rmse:0.4188	mae:0.4720	pmae:0.1214	pcc:0.9417
2022-08-11 01:10:48,281 - root - INFO - val: loss:1.7486	rmse:1.6694	mae:1.0042	pmae:0.2698	pcc:0.7131
2022-08-11 01:10:48,281 - root - INFO - test: loss:1.6898	rmse:1.6680	mae:1.0022	pmae:0.2678	pcc:0.7135
2022-08-11 01:10:50,364 - root - INFO - Epoch 23:
2022-08-11 03:40:43,865 - root - INFO - Epoch23: time_cost:4416.91449379921 train_loss:0.5195166848914307
2022-08-11 03:40:43,866 - root - INFO - train: loss:0.3127	rmse:0.3844	mae:0.4498	pmae:0.1137	pcc:0.9461
2022-08-11 03:40:43,866 - root - INFO - val: loss:1.7303	rmse:1.6466	mae:0.9959	pmae:0.2654	pcc:0.7152
2022-08-11 03:40:43,866 - root - INFO - test: loss:1.6612	rmse:1.6422	mae:0.9946	pmae:0.2634	pcc:0.7164
2022-08-11 03:40:47,201 - root - INFO - Epoch 24:
2022-08-11 07:11:00,620 - root - INFO - Epoch24: time_cost:6526.68164563179 train_loss:0.4900176897554827
2022-08-11 07:11:00,620 - root - INFO - train: loss:0.3195	rmse:0.3847	mae:0.4567	pmae:0.1175	pcc:0.9481
2022-08-11 07:11:00,621 - root - INFO - val: loss:1.7718	rmse:1.6862	mae:1.0083	pmae:0.2730	pcc:0.7118
2022-08-11 07:11:00,621 - root - INFO - test: loss:1.7016	rmse:1.6807	mae:1.0048	pmae:0.2706	pcc:0.7128
2022-08-11 07:11:02,800 - root - INFO - Epoch 25:
2022-08-11 10:26:18,208 - root - INFO - Epoch25: time_cost:7367.285621166229 train_loss:0.46720795796064657
2022-08-11 10:26:18,208 - root - INFO - train: loss:0.2876	rmse:0.3592	mae:0.4371	pmae:0.1107	pcc:0.9501
2022-08-11 10:26:18,208 - root - INFO - val: loss:1.7379	rmse:1.6549	mae:1.0000	pmae:0.2673	pcc:0.7155
2022-08-11 10:26:18,208 - root - INFO - test: loss:1.6694	rmse:1.6506	mae:0.9956	pmae:0.2648	pcc:0.7168
2022-08-11 10:26:20,101 - root - INFO - Epoch 26:
2022-08-11 12:47:03,100 - root - INFO - Epoch26: time_cost:3751.288404226303 train_loss:0.4526483705378351
2022-08-11 12:47:03,100 - root - INFO - train: loss:0.2683	rmse:0.3337	mae:0.4179	pmae:0.1029	pcc:0.9528
2022-08-11 12:47:03,101 - root - INFO - val: loss:1.7235	rmse:1.6399	mae:0.9951	pmae:0.2617	pcc:0.7151
2022-08-11 12:47:03,101 - root - INFO - test: loss:1.6542	rmse:1.6328	mae:0.9907	pmae:0.2592	pcc:0.7170
2022-08-11 12:47:06,549 - root - INFO - Epoch 27:
2022-08-11 15:42:18,723 - root - INFO - Epoch27: time_cost:6151.089833021164 train_loss:0.4321217097265748
2022-08-11 15:42:18,723 - root - INFO - train: loss:0.2549	rmse:0.3169	mae:0.4105	pmae:0.1020	pcc:0.9550
2022-08-11 15:42:18,723 - root - INFO - val: loss:1.7429	rmse:1.6555	mae:0.9972	pmae:0.2638	pcc:0.7136
2022-08-11 15:42:18,723 - root - INFO - test: loss:1.6772	rmse:1.6548	mae:0.9986	pmae:0.2623	pcc:0.7141
2022-08-11 15:42:20,589 - root - INFO - Epoch 28:
2022-08-11 17:37:34,844 - root - INFO - Epoch28: time_cost:3960.618534564972 train_loss:0.40856887022767885
2022-08-11 17:37:34,844 - root - INFO - train: loss:0.2418	rmse:0.2980	mae:0.3958	pmae:0.0984	pcc:0.9590
2022-08-11 17:37:34,844 - root - INFO - val: loss:1.7112	rmse:1.6321	mae:0.9908	pmae:0.2627	pcc:0.7168
2022-08-11 17:37:34,844 - root - INFO - test: loss:1.6490	rmse:1.6289	mae:0.9906	pmae:0.2611	pcc:0.7176
2022-08-11 17:37:37,215 - root - INFO - Epoch 29:
2022-08-11 19:13:43,615 - root - INFO - Epoch29: time_cost:3060.531103849411 train_loss:0.39631528327868515
2022-08-11 19:13:43,616 - root - INFO - train: loss:0.2321	rmse:0.2863	mae:0.3883	pmae:0.0956	pcc:0.9601
2022-08-11 19:13:43,616 - root - INFO - val: loss:1.7257	rmse:1.6400	mae:0.9933	pmae:0.2622	pcc:0.7152
2022-08-11 19:13:43,616 - root - INFO - test: loss:1.6603	rmse:1.6347	mae:0.9916	pmae:0.2601	pcc:0.7168
2022-08-11 19:13:45,996 - root - INFO - Epoch 30:
2022-08-11 20:50:19,721 - root - INFO - Epoch30: time_cost:3060.598756313324 train_loss:0.3822807063381655
2022-08-11 20:50:19,722 - root - INFO - train: loss:0.2365	rmse:0.2805	mae:0.3874	pmae:0.0964	pcc:0.9609
2022-08-11 20:50:19,722 - root - INFO - val: loss:1.7548	rmse:1.6662	mae:1.0007	pmae:0.2660	pcc:0.7103
2022-08-11 20:50:19,722 - root - INFO - test: loss:1.6847	rmse:1.6540	mae:0.9986	pmae:0.2634	pcc:0.7132
2022-08-11 20:50:21,776 - root - INFO - Epoch 31:
2022-08-11 22:26:49,640 - root - INFO - Epoch31: time_cost:3063.3190128803253 train_loss:0.36929801144561036
2022-08-11 22:26:49,640 - root - INFO - train: loss:0.2140	rmse:0.2642	mae:0.3742	pmae:0.0917	pcc:0.9624
2022-08-11 22:26:49,640 - root - INFO - val: loss:1.7398	rmse:1.6535	mae:0.9983	pmae:0.2627	pcc:0.7133
2022-08-11 22:26:49,640 - root - INFO - test: loss:1.6641	rmse:1.6416	mae:0.9969	pmae:0.2606	pcc:0.7160
2022-08-11 22:26:51,530 - root - INFO - Epoch 32:
2022-08-12 00:10:40,697 - root - INFO - Epoch32: time_cost:3872.3206157684326 train_loss:0.35683424435105615
2022-08-12 00:10:40,697 - root - INFO - train: loss:0.2145	rmse:0.2615	mae:0.3727	pmae:0.0935	pcc:0.9653
2022-08-12 00:10:40,697 - root - INFO - val: loss:1.7313	rmse:1.6445	mae:0.9929	pmae:0.2658	pcc:0.7148
2022-08-12 00:10:40,697 - root - INFO - test: loss:1.6590	rmse:1.6335	mae:0.9909	pmae:0.2635	pcc:0.7172
2022-08-12 00:10:42,872 - root - INFO - Epoch 33:
2022-08-12 01:33:02,129 - root - INFO - Epoch33: time_cost:2655.730817079544 train_loss:0.3399051184192959
2022-08-12 01:33:02,129 - root - INFO - train: loss:0.2014	rmse:0.2480	mae:0.3645	pmae:0.0865	pcc:0.9660
2022-08-12 01:33:02,129 - root - INFO - val: loss:1.7350	rmse:1.6470	mae:0.9994	pmae:0.2585	pcc:0.7148
2022-08-12 01:33:02,129 - root - INFO - test: loss:1.6694	rmse:1.6435	mae:0.9978	pmae:0.2567	pcc:0.7164
2022-08-12 01:33:04,042 - root - INFO - Epoch 34:
2022-08-12 02:55:51,205 - root - INFO - Epoch34: time_cost:2662.017717599869 train_loss:0.32783699880819406
2022-08-12 02:55:51,205 - root - INFO - train: loss:0.1918	rmse:0.2343	mae:0.3541	pmae:0.0870	pcc:0.9664
2022-08-12 02:55:51,205 - root - INFO - val: loss:1.7290	rmse:1.6453	mae:0.9972	pmae:0.2632	pcc:0.7160
2022-08-12 02:55:51,205 - root - INFO - test: loss:1.6687	rmse:1.6432	mae:0.9958	pmae:0.2612	pcc:0.7170
2022-08-12 02:55:53,446 - root - INFO - Epoch 35:
2022-08-12 04:19:15,995 - root - INFO - Epoch35: time_cost:2676.526313304901 train_loss:0.3217984333602185
2022-08-12 04:19:15,995 - root - INFO - train: loss:0.1809	rmse:0.2252	mae:0.3450	pmae:0.0831	pcc:0.9690
2022-08-12 04:19:15,995 - root - INFO - val: loss:1.7214	rmse:1.6388	mae:0.9945	pmae:0.2606	pcc:0.7151
2022-08-12 04:19:15,995 - root - INFO - test: loss:1.6460	rmse:1.6249	mae:0.9883	pmae:0.2574	pcc:0.7185
2022-08-12 04:19:17,524 - root - INFO - Epoch 36:
2022-08-12 05:41:55,523 - root - INFO - Epoch36: time_cost:2668.2930359840393 train_loss:0.3109081250244357
2022-08-12 05:41:55,524 - root - INFO - train: loss:0.1737	rmse:0.2135	mae:0.3381	pmae:0.0825	pcc:0.9694
2022-08-12 05:41:55,524 - root - INFO - val: loss:1.7199	rmse:1.6365	mae:0.9927	pmae:0.2616	pcc:0.7181
2022-08-12 05:41:55,524 - root - INFO - test: loss:1.6511	rmse:1.6280	mae:0.9898	pmae:0.2593	pcc:0.7202
2022-08-12 05:41:57,313 - root - INFO - Epoch 37:
2022-08-12 07:04:30,946 - root - INFO - Epoch37: time_cost:2648.8213007450104 train_loss:0.29423752094760597
2022-08-12 07:04:30,946 - root - INFO - train: loss:0.1783	rmse:0.2157	mae:0.3404	pmae:0.0834	pcc:0.9697
2022-08-12 07:04:30,946 - root - INFO - val: loss:1.7309	rmse:1.6452	mae:0.9964	pmae:0.2631	pcc:0.7145
2022-08-12 07:04:30,947 - root - INFO - test: loss:1.6580	rmse:1.6363	mae:0.9933	pmae:0.2608	pcc:0.7168
2022-08-12 07:04:32,659 - root - INFO - Epoch 38:
2022-08-12 08:27:20,981 - root - INFO - Epoch38: time_cost:2659.049218416214 train_loss:0.29163489968129813
2022-08-12 08:27:20,981 - root - INFO - train: loss:0.1755	rmse:0.2090	mae:0.3384	pmae:0.0833	pcc:0.9706
2022-08-12 08:27:20,981 - root - INFO - val: loss:1.7446	rmse:1.6600	mae:1.0012	pmae:0.2659	pcc:0.7134
2022-08-12 08:27:20,981 - root - INFO - test: loss:1.6636	rmse:1.6408	mae:0.9938	pmae:0.2627	pcc:0.7177
2022-08-12 08:27:22,723 - root - INFO - Epoch 39:
2022-08-12 09:50:06,644 - root - INFO - Epoch39: time_cost:2684.6807136535645 train_loss:0.28255289828367486
2022-08-12 09:50:06,645 - root - INFO - train: loss:0.1673	rmse:0.2051	mae:0.3321	pmae:0.0796	pcc:0.9710
2022-08-12 09:50:06,645 - root - INFO - val: loss:1.7385	rmse:1.6514	mae:0.9989	pmae:0.2617	pcc:0.7135
2022-08-12 09:50:06,645 - root - INFO - test: loss:1.6555	rmse:1.6326	mae:0.9915	pmae:0.2582	pcc:0.7177
2022-08-12 09:50:08,761 - root - INFO - Epoch 40:
2022-08-12 11:12:42,801 - root - INFO - Epoch40: time_cost:2661.096003293991 train_loss:0.27195025236220566
2022-08-12 11:12:42,801 - root - INFO - train: loss:0.1580	rmse:0.1930	mae:0.3230	pmae:0.0787	pcc:0.9721
2022-08-12 11:12:42,801 - root - INFO - val: loss:1.7483	rmse:1.6658	mae:1.0037	pmae:0.2645	pcc:0.7126
2022-08-12 11:12:42,801 - root - INFO - test: loss:1.6574	rmse:1.6374	mae:0.9956	pmae:0.2607	pcc:0.7185
2022-08-12 11:12:44,511 - root - INFO - Epoch 41:
2022-08-12 12:35:48,828 - root - INFO - Epoch41: time_cost:2673.1903800964355 train_loss:0.265683816451698
2022-08-12 12:35:48,828 - root - INFO - train: loss:0.1507	rmse:0.1840	mae:0.3167	pmae:0.0744	pcc:0.9740
2022-08-12 12:35:48,828 - root - INFO - val: loss:1.7409	rmse:1.6524	mae:0.9992	pmae:0.2585	pcc:0.7150
2022-08-12 12:35:48,828 - root - INFO - test: loss:1.6560	rmse:1.6347	mae:0.9933	pmae:0.2560	pcc:0.7191
2022-08-12 12:35:50,707 - root - INFO - Epoch 42:
2022-08-12 14:27:16,284 - root - INFO - Epoch42: time_cost:3206.4816193580627 train_loss:0.25584927046304784
2022-08-12 14:27:16,284 - root - INFO - train: loss:0.1474	rmse:0.1798	mae:0.3127	pmae:0.0728	pcc:0.9755
2022-08-12 14:27:16,285 - root - INFO - val: loss:1.7265	rmse:1.6467	mae:0.9979	pmae:0.2567	pcc:0.7163
2022-08-12 14:27:16,285 - root - INFO - test: loss:1.6577	rmse:1.6359	mae:0.9949	pmae:0.2548	pcc:0.7191
2022-08-12 14:27:18,187 - root - INFO - Epoch 43:
2022-08-12 16:24:24,693 - root - INFO - Epoch43: time_cost:3317.1891162395477 train_loss:0.25137494116612114
2022-08-12 16:24:24,693 - root - INFO - train: loss:0.1500	rmse:0.1808	mae:0.3118	pmae:0.0749	pcc:0.9752
2022-08-12 16:24:24,693 - root - INFO - val: loss:1.7296	rmse:1.6452	mae:0.9971	pmae:0.2616	pcc:0.7140
2022-08-12 16:24:24,693 - root - INFO - test: loss:1.6450	rmse:1.6238	mae:0.9878	pmae:0.2579	pcc:0.7187
2022-08-12 16:24:26,633 - root - INFO - Epoch 44:
2022-08-12 17:54:10,707 - root - INFO - Epoch44: time_cost:3160.8868136405945 train_loss:0.24412228824865176
2022-08-12 17:54:10,708 - root - INFO - train: loss:0.1388	rmse:0.1699	mae:0.3015	pmae:0.0703	pcc:0.9771
2022-08-12 17:54:10,708 - root - INFO - val: loss:1.7300	rmse:1.6453	mae:0.9968	pmae:0.2575	pcc:0.7156
2022-08-12 17:54:10,708 - root - INFO - test: loss:1.6473	rmse:1.6274	mae:0.9914	pmae:0.2550	pcc:0.7196
2022-08-12 17:54:10,708 - root - INFO - No improvement over 15 epochs, stop training
2022-08-12 17:54:10,708 - root - INFO - Loading the best model at epoch 28
2022-08-12 17:54:10,880 - root - INFO - Loaded the best model at epoch 28 for inference
2022-08-12 18:31:14,403 - root - INFO - Runs:0
 {'train': {'rmse': [2.1536, 2.0942, 2.0081, 1.8944, 1.752, 1.6043, 1.4659, 1.3111, 1.2227, 1.1576, 1.0471, 0.9346, 0.8051, 0.7573, 0.6784, 0.6547, 0.6078, 0.6094, 0.5085, 0.5137, 0.4621, 0.4728, 0.4188, 0.3844, 0.3847, 0.3592, 0.3337, 0.3169, 0.298, 0.2863, 0.2805, 0.2642, 0.2615, 0.248, 0.2343, 0.2252, 0.2135, 0.2157, 0.209, 0.2051, 0.193, 0.184, 0.1798, 0.1808, 0.1699, 0.298], 'mae': [1.1445, 1.129, 1.1016, 1.0627, 1.0098, 0.9552, 0.9072, 0.8509, 0.8189, 0.8009, 0.7586, 0.7142, 0.6556, 0.6349, 0.5984, 0.5927, 0.568, 0.5775, 0.5178, 0.5256, 0.4941, 0.5041, 0.472, 0.4498, 0.4567, 0.4371, 0.4179, 0.4105, 0.3958, 0.3883, 0.3874, 0.3742, 0.3727, 0.3645, 0.3541, 0.345, 0.3381, 0.3404, 0.3384, 0.3321, 0.323, 0.3167, 0.3127, 0.3118, 0.3015, 0.3958], 'pmae': [0.2874, 0.2845, 0.2828, 0.2789, 0.272, 0.2636, 0.2519, 0.2347, 0.2274, 0.2237, 0.21, 0.1958, 0.1721, 0.1685, 0.1569, 0.1472, 0.148, 0.154, 0.1304, 0.1378, 0.1276, 0.1314, 0.1214, 0.1137, 0.1175, 0.1107, 0.1029, 0.102, 0.0984, 0.0956, 0.0964, 0.0917, 0.0935, 0.0865, 0.087, 0.0831, 0.0825, 0.0834, 0.0833, 0.0796, 0.0787, 0.0744, 0.0728, 0.0749, 0.0703, 0.0984], 'pcc': [0.6213, 0.6357, 0.6481, 0.669, 0.7021, 0.7404, 0.7717, 0.7998, 0.8196, 0.8383, 0.8537, 0.8699, 0.8808, 0.8904, 0.9014, 0.9064, 0.9123, 0.9197, 0.9244, 0.9305, 0.9356, 0.9358, 0.9417, 0.9461, 0.9481, 0.9501, 0.9528, 0.955, 0.959, 0.9601, 0.9609, 0.9624, 0.9653, 0.966, 0.9664, 0.969, 0.9694, 0.9697, 0.9706, 0.971, 0.9721, 0.974, 0.9755, 0.9752, 0.9771, 0.959], 'loss': [2.2831826502075034, 2.194962082987571, 2.095471425056756, 1.9634233545440325, 1.7989727813272232, 1.6220050863573388, 1.4552895167062405, 1.286334654676152, 1.1770623418954291, 1.0916442653945655, 0.96846804431296, 0.8565178511618267, 0.7139822663922732, 0.6629765323718552, 0.583492056926431, 0.5628450769263502, 0.5185005125150733, 0.5124774230718168, 0.4205992360387982, 0.4343362364631809, 0.38312420506179684, 0.39467567751951727, 0.3470740334693683, 0.31272652791799144, 0.3194946887799895, 0.2876193202863776, 0.2682802998572422, 0.25492930720245444, 0.2417517342839876, 0.23205604194687637, 0.2364600513190965, 0.21400930878315982, 0.21449976380925503, 0.2014174664905219, 0.19180835485188524, 0.18087959857578298, 0.1737351434080197, 0.1783186640259489, 0.17546377433720955, 0.16733125811950392, 0.157958185494488, 0.15074596782297148, 0.14735152446361555, 0.15000749565331156, 0.13883565900862216, 0.2417517342839876]}, 'val': {'rmse': [2.1095, 2.0675, 2.0127, 1.9586, 1.9203, 1.899, 1.8805, 1.8306, 1.8282, 1.8548, 1.8235, 1.7792, 1.6982, 1.7104, 1.6796, 1.6653, 1.6975, 1.7303, 1.66, 1.6908, 1.6751, 1.7118, 1.6694, 1.6466, 1.6862, 1.6549, 1.6399, 1.6555, 1.6321, 1.64, 1.6662, 1.6535, 1.6445, 1.647, 1.6453, 1.6388, 1.6365, 1.6452, 1.66, 1.6514, 1.6658, 1.6524, 1.6467, 1.6452, 1.6453, 1.6321], 'mae': [1.1452, 1.1342, 1.1181, 1.1013, 1.0891, 1.0806, 1.0755, 1.0602, 1.0567, 1.0659, 1.056, 1.0409, 1.016, 1.0199, 1.0102, 1.0098, 1.0138, 1.0251, 1.0036, 1.0113, 1.0054, 1.0174, 1.0042, 0.9959, 1.0083, 1.0, 0.9951, 0.9972, 0.9908, 0.9933, 1.0007, 0.9983, 0.9929, 0.9994, 0.9972, 0.9945, 0.9927, 0.9964, 1.0012, 0.9989, 1.0037, 0.9992, 0.9979, 0.9971, 0.9968, 0.9908], 'pmae': [0.2897, 0.288, 0.2891, 0.2909, 0.2948, 0.2991, 0.2995, 0.2933, 0.2947, 0.3003, 0.2955, 0.2892, 0.2724, 0.2766, 0.2712, 0.261, 0.2724, 0.2819, 0.2639, 0.2754, 0.2707, 0.2765, 0.2698, 0.2654, 0.273, 0.2673, 0.2617, 0.2638, 0.2627, 0.2622, 0.266, 0.2627, 0.2658, 0.2585, 0.2632, 0.2606, 0.2616, 0.2631, 0.2659, 0.2617, 0.2645, 0.2585, 0.2567, 0.2616, 0.2575, 0.2627], 'pcc': [0.6214, 0.6314, 0.6367, 0.6441, 0.6535, 0.6652, 0.6745, 0.6814, 0.687, 0.6942, 0.6962, 0.7018, 0.7029, 0.705, 0.7091, 0.7088, 0.7067, 0.7117, 0.7132, 0.713, 0.7113, 0.7101, 0.7131, 0.7152, 0.7118, 0.7155, 0.7151, 0.7136, 0.7168, 0.7152, 0.7103, 0.7133, 0.7148, 0.7148, 0.716, 0.7151, 0.7181, 0.7145, 0.7134, 0.7135, 0.7126, 0.715, 0.7163, 0.714, 0.7156, 0.7168], 'loss': [2.1998685567336067, 2.1530186299421072, 2.102744190732469, 2.0533979495896477, 2.0188424364468247, 1.9992296131936784, 1.9780656322896255, 1.9292719551675908, 1.9203571980024086, 1.9398093602979543, 1.909653652736664, 1.862759468843989, 1.7831455808843149, 1.7923531722354102, 1.760231493865234, 1.7478693151270082, 1.7829653892464548, 1.8043264412218591, 1.74105299416552, 1.7729770318318736, 1.7576454167740743, 1.7890101219384407, 1.7485664179998877, 1.73033785728168, 1.7717671828055108, 1.737941017624793, 1.723540478872712, 1.7428756938190464, 1.7112100676798352, 1.7257402283824708, 1.7547585073537528, 1.739775778627785, 1.7312733357110577, 1.73502707729638, 1.7289813080634595, 1.7214391180946713, 1.7199483561556916, 1.730865454309718, 1.7446305600893994, 1.7385208899131157, 1.748286871250158, 1.7409191133772879, 1.7265190673864255, 1.729612749758693, 1.7299941963639078, 1.7112100676798352]}, 'test': {'rmse': [2.1187, 2.074, 2.0189, 1.9637, 1.9243, 1.9049, 1.8865, 1.8301, 1.8342, 1.8631, 1.8246, 1.7895, 1.7114, 1.719, 1.6828, 1.681, 1.6959, 1.7305, 1.6638, 1.6903, 1.6689, 1.7027, 1.668, 1.6422, 1.6807, 1.6506, 1.6328, 1.6548, 1.6289, 1.6347, 1.654, 1.6416, 1.6335, 1.6435, 1.6432, 1.6249, 1.628, 1.6363, 1.6408, 1.6326, 1.6374, 1.6347, 1.6359, 1.6238, 1.6274, 1.6289], 'mae': [1.1473, 1.134, 1.1156, 1.0968, 1.0822, 1.0727, 1.068, 1.0504, 1.0524, 1.0632, 1.05, 1.0384, 1.0163, 1.0173, 1.0053, 1.0086, 1.0109, 1.0198, 1.0014, 1.0083, 1.0016, 1.0121, 1.0022, 0.9946, 1.0048, 0.9956, 0.9907, 0.9986, 0.9906, 0.9916, 0.9986, 0.9969, 0.9909, 0.9978, 0.9958, 0.9883, 0.9898, 0.9933, 0.9938, 0.9915, 0.9956, 0.9933, 0.9949, 0.9878, 0.9914, 0.9906], 'pmae': [0.2893, 0.2872, 0.2879, 0.2893, 0.2925, 0.2965, 0.297, 0.2901, 0.2926, 0.2982, 0.2925, 0.2877, 0.2714, 0.275, 0.2691, 0.2598, 0.2705, 0.2791, 0.2623, 0.2729, 0.268, 0.2737, 0.2678, 0.2634, 0.2706, 0.2648, 0.2592, 0.2623, 0.2611, 0.2601, 0.2634, 0.2606, 0.2635, 0.2567, 0.2612, 0.2574, 0.2593, 0.2608, 0.2627, 0.2582, 0.2607, 0.256, 0.2548, 0.2579, 0.255, 0.2611], 'pcc': [0.6208, 0.6312, 0.6361, 0.6436, 0.6534, 0.6647, 0.6739, 0.6822, 0.6859, 0.692, 0.6953, 0.699, 0.7003, 0.7031, 0.7084, 0.7063, 0.707, 0.7114, 0.7128, 0.7129, 0.7127, 0.7117, 0.7135, 0.7164, 0.7128, 0.7168, 0.717, 0.7141, 0.7176, 0.7168, 0.7132, 0.716, 0.7172, 0.7164, 0.717, 0.7185, 0.7202, 0.7168, 0.7177, 0.7177, 0.7185, 0.7191, 0.7191, 0.7187, 0.7196, 0.7176], 'loss': [2.177863834222177, 2.126819749321501, 2.0691777703444676, 2.0121707552816877, 1.971786333802611, 1.948807926649771, 1.9232763441596656, 1.86676388948625, 1.8663129121470385, 1.8885288052994393, 1.845583170285211, 1.8141454928061924, 1.7382545945739316, 1.7446563422845083, 1.7081208052053871, 1.7150501137275482, 1.7206987459541516, 1.7524410144633829, 1.6888368505545346, 1.7169828155741964, 1.6933702885637756, 1.7227361502270593, 1.689773064795699, 1.6612133349918021, 1.7015664980238254, 1.6693564415417699, 1.6542118624718443, 1.6771821367808557, 1.649009415961602, 1.6602960842598864, 1.6846766294279323, 1.6640928110585391, 1.659011843935095, 1.6693603978167295, 1.6686999633395045, 1.6459611991728171, 1.6511149428924419, 1.6580182102928482, 1.6635991824924643, 1.6554543932066408, 1.6574167192841538, 1.6559694789082535, 1.6577453937145927, 1.6450401374801935, 1.647284532598938, 1.649009415961602]}}
2022-08-12 18:31:16,057 - root - INFO - Final: test_rmse:1.6289 test_mae:0.9906 test_pmae:0.2611 test_pcc:0.7176
